{
  "uid" : "5e40a64126cff890",
  "name" : "case_001 -- 验证是否新增挑战赛排行榜",
  "fullName" : "test_case.back_system.test_yxdps_1327.test_yxdps_1327.TestYxdps1327#test_case_001",
  "historyId" : "5cff052e58b5bf1a07b31d61a2cbcb7c",
  "time" : {
    "start" : 1745732901166,
    "stop" : 1745732910111,
    "duration" : 8945
  },
  "status" : "broken",
  "statusMessage" : "selenium.common.exceptions.NoSuchElementException: Message: no such element: Unable to locate element: {\"method\":\"xpath\",\"selector\":\"//*[@id='J-ajaxGetBusinessCooperationPk']\"}\n  (Session info: chrome=135.0.7049.115); For documentation on this error, please visit: https://www.selenium.dev/documentation/webdriver/troubleshooting/errors#no-such-element-exception\nStacktrace:\n\tGetHandleVerifier [0x00007FF7B87FEFA5+77893]\n\tGetHandleVerifier [0x00007FF7B87FF000+77984]\n\t(No symbol) [0x00007FF7B85C91BA]\n\t(No symbol) [0x00007FF7B861F16D]\n\t(No symbol) [0x00007FF7B861F41C]\n\t(No symbol) [0x00007FF7B8672237]\n\t(No symbol) [0x00007FF7B864716F]\n\t(No symbol) [0x00007FF7B866F07F]\n\t(No symbol) [0x00007FF7B8646F03]\n\t(No symbol) [0x00007FF7B8610328]\n\t(No symbol) [0x00007FF7B8611093]\n\tGetHandleVerifier [0x00007FF7B8AB7B6D+2931725]\n\tGetHandleVerifier [0x00007FF7B8AB2132+2908626]\n\tGetHandleVerifier [0x00007FF7B8AD00F3+3031443]\n\tGetHandleVerifier [0x00007FF7B88191EA+184970]\n\tGetHandleVerifier [0x00007FF7B882086F+215311]\n\tGetHandleVerifier [0x00007FF7B8806EC4+110436]\n\tGetHandleVerifier [0x00007FF7B8807072+110866]\n\tGetHandleVerifier [0x00007FF7B87ED479+5401]\n\tBaseThreadInitThunk [0x00007FFCC57B7374+20]\n\tRtlUserThreadStart [0x00007FFCC64DCC91+33]",
  "statusTrace" : "self = <test_case.back_system.test_yxdps_1327.test_yxdps_1327.TestYxdps1327 object at 0x000001DA301BD7E0>\ninit_driver = <selenium.webdriver.chrome.webdriver.WebDriver (session=\"c6e22c790f6a0cabf86ded28d76e9f25\")>\n\n    @allure.story('1月有效店铺数排行榜模块 -- 首页新增功能')\n    @allure.title('case_001 -- 验证是否新增挑战赛排行榜')\n    def test_case_001(self , init_driver):\n        driver = init_driver\n        Frist_menu1327(driver) # 冗余代码 封装\n        time.sleep(1)\n        js = \"window.scrollBy(0,800)\" # 向下滑动1000个像素\n        driver.execute_script(js)\n>       actual_result = common_config.ff(driver).to_text(\"//*[@id='J-ajaxGetBusinessCooperationPk']\") # 获取所有文本\n\ntest_case\\back_system\\test_yxdps_1327\\test_yxdps_1327.py:22: \n_ _ _ _ _ _ _ _ _ _ _ _ _ _ _ _ _ _ _ _ _ _ _ _ _ _ _ _ _ _ _ _ _ _ _ _ _ _ _ _\ncommon\\common_config.py:54: in to_text\n    return self.xpath(x).text\ncommon\\common_config.py:48: in xpath\n    return self.driver.find_element(By.XPATH, x)\n..\\pthon\\python3\\lib\\site-packages\\selenium\\webdriver\\remote\\webdriver.py:739: in find_element\n    return self.execute(Command.FIND_ELEMENT, {\"using\": by, \"value\": value})[\"value\"]\n..\\pthon\\python3\\lib\\site-packages\\selenium\\webdriver\\remote\\webdriver.py:345: in execute\n    self.error_handler.check_response(response)\n_ _ _ _ _ _ _ _ _ _ _ _ _ _ _ _ _ _ _ _ _ _ _ _ _ _ _ _ _ _ _ _ _ _ _ _ _ _ _ _\n\nself = <selenium.webdriver.remote.errorhandler.ErrorHandler object at 0x000001DA301BDFF0>\nresponse = {'status': 404, 'value': '{\"value\":{\"error\":\"no such element\",\"message\":\"no such element: Unable to locate element: {\\...B87ED479+5401]\\\\n\\\\tBaseThreadInitThunk [0x00007FFCC57B7374+20]\\\\n\\\\tRtlUserThreadStart [0x00007FFCC64DCC91+33]\\\\n\"}}'}\n\n    def check_response(self, response: Dict[str, Any]) -> None:\n        \"\"\"Checks that a JSON response from the WebDriver does not have an\n        error.\n    \n        :Args:\n         - response - The JSON response from the WebDriver server as a dictionary\n           object.\n    \n        :Raises: If the response contains an error message.\n        \"\"\"\n        status = response.get(\"status\", None)\n        if not status or status == ErrorCode.SUCCESS:\n            return\n        value = None\n        message = response.get(\"message\", \"\")\n        screen: str = response.get(\"screen\", \"\")\n        stacktrace = None\n        if isinstance(status, int):\n            value_json = response.get(\"value\", None)\n            if value_json and isinstance(value_json, str):\n                import json\n    \n                try:\n                    value = json.loads(value_json)\n                    if len(value) == 1:\n                        value = value[\"value\"]\n                    status = value.get(\"error\", None)\n                    if not status:\n                        status = value.get(\"status\", ErrorCode.UNKNOWN_ERROR)\n                        message = value.get(\"value\") or value.get(\"message\")\n                        if not isinstance(message, str):\n                            value = message\n                            message = message.get(\"message\")\n                    else:\n                        message = value.get(\"message\", None)\n                except ValueError:\n                    pass\n    \n        exception_class: Type[WebDriverException]\n        e = ErrorCode()\n        error_codes = [item for item in dir(e) if not item.startswith(\"__\")]\n        for error_code in error_codes:\n            error_info = getattr(ErrorCode, error_code)\n            if isinstance(error_info, list) and status in error_info:\n                exception_class = getattr(ExceptionMapping, error_code, WebDriverException)\n                break\n        else:\n            exception_class = WebDriverException\n    \n        if not value:\n            value = response[\"value\"]\n        if isinstance(value, str):\n            raise exception_class(value)\n        if message == \"\" and \"message\" in value:\n            message = value[\"message\"]\n    \n        screen = None  # type: ignore[assignment]\n        if \"screen\" in value:\n            screen = value[\"screen\"]\n    \n        stacktrace = None\n        st_value = value.get(\"stackTrace\") or value.get(\"stacktrace\")\n        if st_value:\n            if isinstance(st_value, str):\n                stacktrace = st_value.split(\"\\n\")\n            else:\n                stacktrace = []\n                try:\n                    for frame in st_value:\n                        line = frame.get(\"lineNumber\", \"\")\n                        file = frame.get(\"fileName\", \"<anonymous>\")\n                        if line:\n                            file = f\"{file}:{line}\"\n                        meth = frame.get(\"methodName\", \"<anonymous>\")\n                        if \"className\" in frame:\n                            meth = f\"{frame['className']}.{meth}\"\n                        msg = \"    at %s (%s)\"\n                        msg = msg % (meth, file)\n                        stacktrace.append(msg)\n                except TypeError:\n                    pass\n        if exception_class == UnexpectedAlertPresentException:\n            alert_text = None\n            if \"data\" in value:\n                alert_text = value[\"data\"].get(\"text\")\n            elif \"alert\" in value:\n                alert_text = value[\"alert\"].get(\"text\")\n            raise exception_class(message, screen, stacktrace, alert_text)  # type: ignore[call-arg]  # mypy is not smart enough here\n>       raise exception_class(message, screen, stacktrace)\nE       selenium.common.exceptions.NoSuchElementException: Message: no such element: Unable to locate element: {\"method\":\"xpath\",\"selector\":\"//*[@id='J-ajaxGetBusinessCooperationPk']\"}\nE         (Session info: chrome=135.0.7049.115); For documentation on this error, please visit: https://www.selenium.dev/documentation/webdriver/troubleshooting/errors#no-such-element-exception\nE       Stacktrace:\nE       \tGetHandleVerifier [0x00007FF7B87FEFA5+77893]\nE       \tGetHandleVerifier [0x00007FF7B87FF000+77984]\nE       \t(No symbol) [0x00007FF7B85C91BA]\nE       \t(No symbol) [0x00007FF7B861F16D]\nE       \t(No symbol) [0x00007FF7B861F41C]\nE       \t(No symbol) [0x00007FF7B8672237]\nE       \t(No symbol) [0x00007FF7B864716F]\nE       \t(No symbol) [0x00007FF7B866F07F]\nE       \t(No symbol) [0x00007FF7B8646F03]\nE       \t(No symbol) [0x00007FF7B8610328]\nE       \t(No symbol) [0x00007FF7B8611093]\nE       \tGetHandleVerifier [0x00007FF7B8AB7B6D+2931725]\nE       \tGetHandleVerifier [0x00007FF7B8AB2132+2908626]\nE       \tGetHandleVerifier [0x00007FF7B8AD00F3+3031443]\nE       \tGetHandleVerifier [0x00007FF7B88191EA+184970]\nE       \tGetHandleVerifier [0x00007FF7B882086F+215311]\nE       \tGetHandleVerifier [0x00007FF7B8806EC4+110436]\nE       \tGetHandleVerifier [0x00007FF7B8807072+110866]\nE       \tGetHandleVerifier [0x00007FF7B87ED479+5401]\nE       \tBaseThreadInitThunk [0x00007FFCC57B7374+20]\nE       \tRtlUserThreadStart [0x00007FFCC64DCC91+33]\n\n..\\pthon\\python3\\lib\\site-packages\\selenium\\webdriver\\remote\\errorhandler.py:229: NoSuchElementException",
  "flaky" : false,
  "newFailed" : false,
  "beforeStages" : [ {
    "name" : "init_driver",
    "time" : {
      "start" : 1745732701199,
      "stop" : 1745732901166,
      "duration" : 199967
    },
    "status" : "passed",
    "steps" : [ ],
    "attachments" : [ ],
    "parameters" : [ ],
    "hasContent" : false,
    "stepsCount" : 0,
    "attachmentsCount" : 0,
    "shouldDisplayMessage" : false
  } ],
  "afterStages" : [ {
    "name" : "init_driver::0",
    "time" : {
      "start" : 1745732910374,
      "stop" : 1745732912496,
      "duration" : 2122
    },
    "status" : "passed",
    "steps" : [ ],
    "attachments" : [ ],
    "parameters" : [ ],
    "hasContent" : false,
    "stepsCount" : 0,
    "attachmentsCount" : 0,
    "shouldDisplayMessage" : false
  } ],
  "labels" : [ {
    "name" : "epic",
    "value" : "crm后台——UI自动化测试项目"
  }, {
    "name" : "feature",
    "value" : "1月有效店铺数排行榜模块"
  }, {
    "name" : "story",
    "value" : "1月有效店铺数排行榜模块 -- 首页新增功能"
  }, {
    "name" : "tag",
    "value" : "run_case"
  }, {
    "name" : "parentSuite",
    "value" : "test_case.back_system.test_yxdps_1327"
  }, {
    "name" : "suite",
    "value" : "test_yxdps_1327"
  }, {
    "name" : "subSuite",
    "value" : "TestYxdps1327"
  }, {
    "name" : "host",
    "value" : "DESKTOP-97N9373"
  }, {
    "name" : "thread",
    "value" : "23640-MainThread"
  }, {
    "name" : "framework",
    "value" : "pytest"
  }, {
    "name" : "language",
    "value" : "cpython3"
  }, {
    "name" : "package",
    "value" : "test_case.back_system.test_yxdps_1327.test_yxdps_1327"
  }, {
    "name" : "resultFormat",
    "value" : "allure2"
  } ],
  "parameters" : [ ],
  "links" : [ ],
  "hidden" : false,
  "retry" : false,
  "extra" : {
    "severity" : "normal",
    "retries" : [ ],
    "categories" : [ {
      "name" : "Test defects",
      "matchedStatuses" : [ ],
      "flaky" : false
    } ],
    "tags" : [ "run_case" ]
  },
  "source" : "5e40a64126cff890.json",
  "parameterValues" : [ ]
}